<?xml version="1.0" encoding="UTF-8"?>
<!-- Generated by org.testng.reporters.JUnitReportReporter -->
<testsuite hostname="DESKTOP-RC33VM2" failures="0" tests="1" name="com.testCases.TestAPI" time="3.401" errors="0" timestamp="31 May 2020 04:19:10 GMT" skipped="0">
  <testcase classname="com.testCases.TestAPI" name="testCallAPI" time="3.401"/>
</testsuite> <!-- com.testCases.TestAPI -->
