<?xml version="1.0" encoding="UTF-8"?>
<!-- Generated by org.testng.reporters.JUnitReportReporter -->
<testsuite hostname="DESKTOP-RC33VM2" failures="0" tests="1" name="com.testCases.TestSortByFirstName" time="16.906" errors="0" timestamp="31 May 2020 05:04:19 GMT" skipped="0">
  <testcase classname="com.testCases.TestSortByFirstName" name="TestSorting" time="16.906"/>
</testsuite> <!-- com.testCases.TestSortByFirstName -->
