<?xml version="1.0" encoding="UTF-8"?>
<!-- Generated by org.testng.reporters.JUnitReportReporter -->
<testsuite hostname="LAP01231s-MacBook-Pro.local" failures="0" tests="1" name="com.testCases.TestAPI" time="4.169" errors="0" timestamp="31 May 2020 05:46:39 GMT" skipped="0">
  <testcase classname="com.testCases.TestAPI" name="testCallAPI" time="4.169"/>
</testsuite> <!-- com.testCases.TestAPI -->
