<?xml version="1.0" encoding="UTF-8"?>
<!-- Generated by org.testng.reporters.JUnitReportReporter -->
<testsuite hostname="DESKTOP-RC33VM2" failures="0" tests="1" name="com.testCases.NewTest" time="15.427" errors="0" timestamp="30 May 2020 18:37:38 GMT" skipped="0">
  <testcase classname="com.testCases.NewTest" name="TestLogin" time="15.427"/>
</testsuite> <!-- com.testCases.NewTest -->
